mode: set
github.com/coding/domain-check/internal/checker/bootstrap.go:44.86,45.15 1 1
github.com/coding/domain-check/internal/checker/bootstrap.go:45.15,47.3 1 0
github.com/coding/domain-check/internal/checker/bootstrap.go:49.2,58.39 2 1
github.com/coding/domain-check/internal/checker/bootstrap.go:58.39,60.3 1 1
github.com/coding/domain-check/internal/checker/bootstrap.go:62.2,64.15 2 1
github.com/coding/domain-check/internal/checker/bootstrap.go:68.63,70.16 2 1
github.com/coding/domain-check/internal/checker/bootstrap.go:70.16,72.3 1 0
github.com/coding/domain-check/internal/checker/bootstrap.go:74.2,75.16 2 1
github.com/coding/domain-check/internal/checker/bootstrap.go:75.16,77.3 1 1
github.com/coding/domain-check/internal/checker/bootstrap.go:78.2,80.38 2 1
github.com/coding/domain-check/internal/checker/bootstrap.go:80.38,82.3 1 1
github.com/coding/domain-check/internal/checker/bootstrap.go:84.2,85.16 2 1
github.com/coding/domain-check/internal/checker/bootstrap.go:85.16,87.3 1 0
github.com/coding/domain-check/internal/checker/bootstrap.go:89.2,90.16 2 1
github.com/coding/domain-check/internal/checker/bootstrap.go:90.16,92.3 1 1
github.com/coding/domain-check/internal/checker/bootstrap.go:94.2,99.12 5 1
github.com/coding/domain-check/internal/checker/bootstrap.go:104.63,109.9 4 1
github.com/coding/domain-check/internal/checker/bootstrap.go:109.9,111.3 1 1
github.com/coding/domain-check/internal/checker/bootstrap.go:112.2,112.17 1 1
github.com/coding/domain-check/internal/checker/bootstrap.go:116.48,120.2 3 1
github.com/coding/domain-check/internal/checker/bootstrap.go:123.46,127.2 3 1
github.com/coding/domain-check/internal/checker/bootstrap.go:130.35,133.2 2 1
github.com/coding/domain-check/internal/checker/bootstrap.go:136.42,142.6 4 1
github.com/coding/domain-check/internal/checker/bootstrap.go:142.6,143.10 1 1
github.com/coding/domain-check/internal/checker/bootstrap.go:144.19,145.10 1 1
github.com/coding/domain-check/internal/checker/bootstrap.go:146.19,149.12 3 0
github.com/coding/domain-check/internal/checker/bootstrap.go:155.44,157.40 2 1
github.com/coding/domain-check/internal/checker/bootstrap.go:157.40,159.3 1 1
github.com/coding/domain-check/internal/checker/bootstrap.go:160.2,160.15 1 1
github.com/coding/domain-check/internal/checker/bootstrap.go:173.61,175.51 2 1
github.com/coding/domain-check/internal/checker/bootstrap.go:175.51,177.3 1 1
github.com/coding/domain-check/internal/checker/bootstrap.go:179.2,180.35 2 1
github.com/coding/domain-check/internal/checker/bootstrap.go:180.35,181.19 1 1
github.com/coding/domain-check/internal/checker/bootstrap.go:181.19,182.12 1 1
github.com/coding/domain-check/internal/checker/bootstrap.go:185.3,186.44 2 1
github.com/coding/domain-check/internal/checker/bootstrap.go:186.44,187.26 1 1
github.com/coding/domain-check/internal/checker/bootstrap.go:187.26,188.32 1 1
github.com/coding/domain-check/internal/checker/bootstrap.go:188.32,190.6 1 1
github.com/coding/domain-check/internal/checker/bootstrap.go:194.3,195.44 2 1
github.com/coding/domain-check/internal/checker/bootstrap.go:195.44,196.26 1 1
github.com/coding/domain-check/internal/checker/bootstrap.go:196.26,197.32 1 1
github.com/coding/domain-check/internal/checker/bootstrap.go:197.32,199.6 1 1
github.com/coding/domain-check/internal/checker/bootstrap.go:203.3,203.21 1 1
github.com/coding/domain-check/internal/checker/bootstrap.go:203.21,204.12 1 1
github.com/coding/domain-check/internal/checker/bootstrap.go:206.3,206.28 1 1
github.com/coding/domain-check/internal/checker/bootstrap.go:206.28,208.4 1 1
github.com/coding/domain-check/internal/checker/bootstrap.go:211.2,211.21 1 1
github.com/coding/domain-check/internal/checker/cache.go:19.30,25.2 1 1
github.com/coding/domain-check/internal/checker/cache.go:45.66,46.21 1 1
github.com/coding/domain-check/internal/checker/cache.go:46.21,48.3 1 1
github.com/coding/domain-check/internal/checker/cache.go:49.2,54.3 1 1
github.com/coding/domain-check/internal/checker/cache.go:59.60,63.9 4 1
github.com/coding/domain-check/internal/checker/cache.go:63.9,65.3 1 1
github.com/coding/domain-check/internal/checker/cache.go:67.2,68.36 2 1
github.com/coding/domain-check/internal/checker/cache.go:68.36,71.47 2 1
github.com/coding/domain-check/internal/checker/cache.go:71.47,73.4 1 1
github.com/coding/domain-check/internal/checker/cache.go:74.3,75.13 2 1
github.com/coding/domain-check/internal/checker/cache.go:79.2,85.16 6 1
github.com/coding/domain-check/internal/checker/cache.go:89.67,94.32 4 1
github.com/coding/domain-check/internal/checker/cache.go:94.32,101.3 5 1
github.com/coding/domain-check/internal/checker/cache.go:104.2,104.32 1 1
github.com/coding/domain-check/internal/checker/cache.go:104.32,106.3 1 1
github.com/coding/domain-check/internal/checker/cache.go:108.2,114.19 3 1
github.com/coding/domain-check/internal/checker/cache.go:118.42,121.32 3 1
github.com/coding/domain-check/internal/checker/cache.go:121.32,123.3 1 1
github.com/coding/domain-check/internal/checker/cache.go:127.33,131.2 3 1
github.com/coding/domain-check/internal/checker/cache.go:134.31,139.2 4 1
github.com/coding/domain-check/internal/checker/cache.go:143.42,148.39 5 1
github.com/coding/domain-check/internal/checker/cache.go:148.39,151.30 3 1
github.com/coding/domain-check/internal/checker/cache.go:151.30,154.4 2 1
github.com/coding/domain-check/internal/checker/cache.go:154.9,156.9 1 1
github.com/coding/domain-check/internal/checker/cache.go:158.3,158.12 1 1
github.com/coding/domain-check/internal/checker/cache.go:160.2,160.15 1 1
github.com/coding/domain-check/internal/checker/cache.go:163.72,164.24 1 1
github.com/coding/domain-check/internal/checker/cache.go:164.24,166.3 1 1
github.com/coding/domain-check/internal/checker/cache.go:167.2,167.22 1 1
github.com/coding/domain-check/internal/checker/cache.go:167.22,169.3 1 1
github.com/coding/domain-check/internal/checker/cache.go:170.2,170.26 1 1
github.com/coding/domain-check/internal/checker/cache.go:173.37,175.15 2 1
github.com/coding/domain-check/internal/checker/cache.go:175.15,177.3 1 1
github.com/coding/domain-check/internal/checker/cache.go:180.55,184.2 3 1
github.com/coding/domain-check/internal/checker/ratelimit.go:85.36,89.2 1 1
github.com/coding/domain-check/internal/checker/ratelimit.go:92.70,96.47 3 1
github.com/coding/domain-check/internal/checker/ratelimit.go:96.47,98.3 1 1
github.com/coding/domain-check/internal/checker/ratelimit.go:100.2,101.43 2 1
github.com/coding/domain-check/internal/checker/ratelimit.go:101.43,103.3 1 0
github.com/coding/domain-check/internal/checker/ratelimit.go:105.2,110.30 2 1
github.com/coding/domain-check/internal/checker/ratelimit.go:116.129,121.39 3 1
github.com/coding/domain-check/internal/checker/ratelimit.go:121.39,124.3 2 1
github.com/coding/domain-check/internal/checker/ratelimit.go:125.2,128.15 3 1
github.com/coding/domain-check/internal/checker/ratelimit.go:128.15,132.3 3 1
github.com/coding/domain-check/internal/checker/ratelimit.go:135.2,135.46 1 1
github.com/coding/domain-check/internal/checker/ratelimit.go:135.46,137.3 1 0
github.com/coding/domain-check/internal/checker/ratelimit.go:140.2,140.48 1 1
github.com/coding/domain-check/internal/checker/ratelimit.go:140.48,142.3 1 0
github.com/coding/domain-check/internal/checker/ratelimit.go:143.2,147.64 3 1
github.com/coding/domain-check/internal/checker/ratelimit.go:147.64,149.17 2 1
github.com/coding/domain-check/internal/checker/ratelimit.go:149.17,151.4 1 1
github.com/coding/domain-check/internal/checker/ratelimit.go:152.3,152.52 1 1
github.com/coding/domain-check/internal/checker/ratelimit.go:152.52,154.4 1 1
github.com/coding/domain-check/internal/checker/ratelimit.go:155.3,155.23 1 1
github.com/coding/domain-check/internal/checker/ratelimit.go:155.23,157.4 1 1
github.com/coding/domain-check/internal/checker/ratelimit.go:159.3,159.39 1 1
github.com/coding/domain-check/internal/checker/ratelimit.go:159.39,161.9 2 1
github.com/coding/domain-check/internal/checker/ratelimit.go:165.3,166.49 2 1
github.com/coding/domain-check/internal/checker/ratelimit.go:166.49,168.4 1 0
github.com/coding/domain-check/internal/checker/ratelimit.go:169.3,171.10 2 1
github.com/coding/domain-check/internal/checker/ratelimit.go:172.21,173.25 1 0
github.com/coding/domain-check/internal/checker/ratelimit.go:174.11,174.11 0 1
github.com/coding/domain-check/internal/checker/ratelimit.go:177.3,177.91 1 1
github.com/coding/domain-check/internal/checker/ratelimit.go:177.91,179.4 1 1
github.com/coding/domain-check/internal/checker/ratelimit.go:182.2,182.21 1 1
github.com/coding/domain-check/internal/checker/ratelimit.go:186.56,189.42 3 1
github.com/coding/domain-check/internal/checker/ratelimit.go:189.42,191.3 1 0
github.com/coding/domain-check/internal/checker/ratelimit.go:192.2,192.10 1 1
github.com/coding/domain-check/internal/checker/ratelimit.go:196.63,199.42 3 1
github.com/coding/domain-check/internal/checker/ratelimit.go:199.42,201.3 1 0
github.com/coding/domain-check/internal/checker/ratelimit.go:202.2,203.43 2 1
github.com/coding/domain-check/internal/checker/ratelimit.go:203.43,205.3 1 1
github.com/coding/domain-check/internal/checker/ratelimit.go:206.2,206.12 1 1
github.com/coding/domain-check/internal/checker/ratelimit.go:210.63,213.9 3 1
github.com/coding/domain-check/internal/checker/ratelimit.go:214.20,215.19 1 1
github.com/coding/domain-check/internal/checker/ratelimit.go:216.13,217.13 1 1
github.com/coding/domain-check/internal/checker/rdap.go:44.54,52.2 1 1
github.com/coding/domain-check/internal/checker/rdap.go:56.104,60.57 2 1
github.com/coding/domain-check/internal/checker/rdap.go:60.57,62.3 1 1
github.com/coding/domain-check/internal/checker/rdap.go:65.2,66.20 2 1
github.com/coding/domain-check/internal/checker/rdap.go:66.20,68.3 1 0
github.com/coding/domain-check/internal/checker/rdap.go:69.2,73.16 3 1
github.com/coding/domain-check/internal/checker/rdap.go:73.16,75.3 1 0
github.com/coding/domain-check/internal/checker/rdap.go:78.2,81.57 2 1
github.com/coding/domain-check/internal/checker/rdap.go:81.57,83.3 1 0
github.com/coding/domain-check/internal/checker/rdap.go:86.2,92.84 4 1
github.com/coding/domain-check/internal/checker/rdap.go:92.84,94.3 1 1
github.com/coding/domain-check/internal/checker/rdap.go:96.2,96.20 1 1
github.com/coding/domain-check/internal/checker/rdap.go:96.20,98.85 1 1
github.com/coding/domain-check/internal/checker/rdap.go:98.85,107.4 1 1
github.com/coding/domain-check/internal/checker/rdap.go:109.3,116.9 1 0
github.com/coding/domain-check/internal/checker/rdap.go:118.2,123.20 3 1
github.com/coding/domain-check/internal/checker/rdap.go:127.89,129.16 2 1
github.com/coding/domain-check/internal/checker/rdap.go:129.16,131.3 1 0
github.com/coding/domain-check/internal/checker/rdap.go:133.2,133.23 1 1
github.com/coding/domain-check/internal/checker/rdap.go:133.23,135.3 1 1
github.com/coding/domain-check/internal/checker/rdap.go:136.2,138.29 2 1
github.com/coding/domain-check/internal/checker/rdap.go:142.119,151.25 2 1
github.com/coding/domain-check/internal/checker/rdap.go:152.21,156.17 3 1
github.com/coding/domain-check/internal/checker/rdap.go:156.17,159.4 2 0
github.com/coding/domain-check/internal/checker/rdap.go:160.3,161.28 2 1
github.com/coding/domain-check/internal/checker/rdap.go:163.27,165.26 1 1
github.com/coding/domain-check/internal/checker/rdap.go:167.34,169.40 1 0
github.com/coding/domain-check/internal/checker/rdap.go:171.29,175.42 2 0
github.com/coding/domain-check/internal/checker/rdap.go:177.10,179.79 1 0
github.com/coding/domain-check/internal/checker/rdap.go:182.2,182.15 1 1
github.com/coding/domain-check/internal/checker/rdap.go:186.50,189.2 2 1
github.com/coding/domain-check/internal/checker/rdap.go:192.49,195.53 1 1
github.com/coding/domain-check/internal/checker/rdap.go:195.53,197.49 2 1
github.com/coding/domain-check/internal/checker/rdap.go:197.49,199.4 1 1
github.com/coding/domain-check/internal/checker/rdap.go:200.3,200.14 1 0
github.com/coding/domain-check/internal/checker/rdap.go:202.2,202.16 1 0
github.com/coding/domain-check/internal/checker/rdap.go:304.54,308.20 2 1
github.com/coding/domain-check/internal/checker/rdap.go:308.20,310.3 1 1
github.com/coding/domain-check/internal/checker/rdap.go:312.2,313.52 2 1
github.com/coding/domain-check/internal/checker/rdap.go:313.52,316.3 1 1
github.com/coding/domain-check/internal/checker/rdap.go:319.2,319.33 1 1
github.com/coding/domain-check/internal/checker/rdap.go:319.33,321.3 1 1
github.com/coding/domain-check/internal/checker/rdap.go:324.2,335.12 5 1
github.com/coding/domain-check/internal/checker/rdap.go:339.53,340.31 1 1
github.com/coding/domain-check/internal/checker/rdap.go:340.31,341.34 1 1
github.com/coding/domain-check/internal/checker/rdap.go:341.34,342.27 1 1
github.com/coding/domain-check/internal/checker/rdap.go:342.27,344.26 1 1
github.com/coding/domain-check/internal/checker/rdap.go:344.26,346.6 1 1
github.com/coding/domain-check/internal/checker/rdap.go:347.5,347.22 1 1
github.com/coding/domain-check/internal/checker/rdap.go:351.3,351.61 1 1
github.com/coding/domain-check/internal/checker/rdap.go:351.61,353.4 1 1
github.com/coding/domain-check/internal/checker/rdap.go:355.2,355.11 1 1
github.com/coding/domain-check/internal/checker/rdap.go:361.65,362.28 1 1
github.com/coding/domain-check/internal/checker/rdap.go:362.28,363.37 1 1
github.com/coding/domain-check/internal/checker/rdap.go:364.23,365.36 1 1
github.com/coding/domain-check/internal/checker/rdap.go:366.21,367.36 1 1
github.com/coding/domain-check/internal/checker/rdap.go:368.23,368.23 0 1
github.com/coding/domain-check/internal/checker/rdap.go:370.25,372.21 1 1
github.com/coding/domain-check/internal/checker/rdap.go:372.21,374.5 1 1
github.com/coding/domain-check/internal/checker/rdap.go:376.11,376.11 0 1
github.com/coding/domain-check/internal/checker/rdap.go:380.2,380.25 1 1
github.com/coding/domain-check/internal/checker/rdap.go:385.56,386.19 1 1
github.com/coding/domain-check/internal/checker/rdap.go:386.19,388.3 1 1
github.com/coding/domain-check/internal/checker/rdap.go:389.2,390.25 2 1
github.com/coding/domain-check/internal/checker/rdap.go:390.25,393.17 3 1
github.com/coding/domain-check/internal/checker/rdap.go:393.17,395.4 1 1
github.com/coding/domain-check/internal/checker/rdap.go:397.2,397.14 1 1
github.com/coding/domain-check/internal/checker/rdap.go:405.37,406.13 1 1
github.com/coding/domain-check/internal/checker/rdap.go:406.13,408.3 1 1
github.com/coding/domain-check/internal/checker/rdap.go:411.2,420.33 2 1
github.com/coding/domain-check/internal/checker/rdap.go:420.33,421.50 1 1
github.com/coding/domain-check/internal/checker/rdap.go:421.50,424.4 1 1
github.com/coding/domain-check/internal/checker/rdap.go:428.2,428.10 1 1
github.com/coding/domain-check/internal/checker/ssrf.go:78.41,80.16 2 1
github.com/coding/domain-check/internal/checker/ssrf.go:80.16,81.58 1 0
github.com/coding/domain-check/internal/checker/ssrf.go:83.2,83.14 1 1
github.com/coding/domain-check/internal/checker/ssrf.go:87.34,88.40 1 1
github.com/coding/domain-check/internal/checker/ssrf.go:88.40,89.25 1 1
github.com/coding/domain-check/internal/checker/ssrf.go:89.25,91.4 1 1
github.com/coding/domain-check/internal/checker/ssrf.go:93.2,93.14 1 1
github.com/coding/domain-check/internal/checker/ssrf.go:100.31,104.67 1 1
github.com/coding/domain-check/internal/checker/ssrf.go:104.67,106.18 2 1
github.com/coding/domain-check/internal/checker/ssrf.go:106.18,108.5 1 0
github.com/coding/domain-check/internal/checker/ssrf.go:109.4,110.17 2 1
github.com/coding/domain-check/internal/checker/ssrf.go:110.17,113.5 1 0
github.com/coding/domain-check/internal/checker/ssrf.go:114.4,114.23 1 1
github.com/coding/domain-check/internal/checker/ssrf.go:114.23,116.5 1 1
github.com/coding/domain-check/internal/checker/ssrf.go:117.4,117.14 1 1
github.com/coding/domain-check/internal/checker/ssrf.go:130.45,132.25 2 1
github.com/coding/domain-check/internal/checker/ssrf.go:132.25,133.41 1 1
github.com/coding/domain-check/internal/checker/ssrf.go:133.41,135.4 1 1
github.com/coding/domain-check/internal/checker/ssrf.go:137.2,137.11 1 1
github.com/coding/domain-check/internal/checker/ssrf.go:141.43,142.45 1 1
github.com/coding/domain-check/internal/checker/ssrf.go:142.45,144.3 1 1
github.com/coding/domain-check/internal/checker/ssrf.go:148.50,150.16 2 1
github.com/coding/domain-check/internal/checker/ssrf.go:150.16,152.3 1 0
github.com/coding/domain-check/internal/checker/ssrf.go:153.2,153.40 1 1
github.com/coding/domain-check/internal/checker/ssrf.go:157.39,159.26 2 1
github.com/coding/domain-check/internal/checker/ssrf.go:159.26,161.3 1 1
github.com/coding/domain-check/internal/checker/ssrf.go:162.2,162.14 1 1
github.com/coding/domain-check/internal/checker/ssrf.go:165.40,167.16 2 1
github.com/coding/domain-check/internal/checker/ssrf.go:167.16,169.3 1 1
github.com/coding/domain-check/internal/checker/ssrf.go:170.2,170.21 1 1
github.com/coding/domain-check/internal/checker/ssrf.go:188.51,203.69 3 1
github.com/coding/domain-check/internal/checker/ssrf.go:203.69,204.32 1 0
github.com/coding/domain-check/internal/checker/ssrf.go:204.32,206.5 1 0
github.com/coding/domain-check/internal/checker/ssrf.go:207.4,207.50 1 0
github.com/coding/domain-check/internal/checker/ssrf.go:207.50,209.5 1 0
github.com/coding/domain-check/internal/checker/ssrf.go:210.4,210.16 1 0
github.com/coding/domain-check/internal/checker/ssrf.go:210.16,212.5 1 0
github.com/coding/domain-check/internal/checker/ssrf.go:213.4,213.14 1 0
github.com/coding/domain-check/internal/checker/ssrf.go:224.42,225.40 1 1
github.com/coding/domain-check/internal/checker/ssrf.go:225.40,227.3 1 1
github.com/coding/domain-check/internal/checker/ssrf.go:228.2,228.12 1 1
github.com/coding/domain-check/internal/checker/ssrf.go:233.94,238.16 4 1
github.com/coding/domain-check/internal/checker/ssrf.go:238.16,240.3 1 0
github.com/coding/domain-check/internal/checker/ssrf.go:242.2,242.23 1 1
github.com/coding/domain-check/internal/checker/whois.go:135.46,139.2 1 1
github.com/coding/domain-check/internal/checker/whois.go:142.70,146.44 3 1
github.com/coding/domain-check/internal/checker/whois.go:146.44,148.3 1 1
github.com/coding/domain-check/internal/checker/whois.go:150.2,151.47 2 1
github.com/coding/domain-check/internal/checker/whois.go:151.47,153.3 1 1
github.com/coding/domain-check/internal/checker/whois.go:155.2,159.27 2 1
github.com/coding/domain-check/internal/checker/whois.go:163.76,168.59 3 1
github.com/coding/domain-check/internal/checker/whois.go:168.59,170.39 2 0
github.com/coding/domain-check/internal/checker/whois.go:170.39,172.11 2 0
github.com/coding/domain-check/internal/checker/whois.go:173.22,175.21 2 0
github.com/coding/domain-check/internal/checker/whois.go:176.32,176.32 0 0
github.com/coding/domain-check/internal/checker/whois.go:180.2,183.46 2 1
github.com/coding/domain-check/internal/checker/whois.go:183.46,185.3 1 1
github.com/coding/domain-check/internal/checker/whois.go:188.2,192.12 4 1
github.com/coding/domain-check/internal/checker/whois.go:210.57,212.18 2 1
github.com/coding/domain-check/internal/checker/whois.go:212.18,214.3 1 1
github.com/coding/domain-check/internal/checker/whois.go:215.2,216.15 2 1
github.com/coding/domain-check/internal/checker/whois.go:216.15,218.3 1 1
github.com/coding/domain-check/internal/checker/whois.go:219.2,223.3 1 1
github.com/coding/domain-check/internal/checker/whois.go:228.105,232.57 2 1
github.com/coding/domain-check/internal/checker/whois.go:232.57,234.3 1 1
github.com/coding/domain-check/internal/checker/whois.go:237.2,238.20 2 1
github.com/coding/domain-check/internal/checker/whois.go:238.20,240.3 1 1
github.com/coding/domain-check/internal/checker/whois.go:241.2,247.59 3 1
github.com/coding/domain-check/internal/checker/whois.go:247.59,256.3 1 0
github.com/coding/domain-check/internal/checker/whois.go:259.2,263.16 4 1
github.com/coding/domain-check/internal/checker/whois.go:263.16,265.47 1 1
github.com/coding/domain-check/internal/checker/whois.go:265.47,274.4 1 1
github.com/coding/domain-check/internal/checker/whois.go:275.3,282.9 1 0
github.com/coding/domain-check/internal/checker/whois.go:286.2,288.20 2 1
github.com/coding/domain-check/internal/checker/whois.go:292.91,307.12 5 1
github.com/coding/domain-check/internal/checker/whois.go:307.12,310.3 2 1
github.com/coding/domain-check/internal/checker/whois.go:312.2,312.9 1 1
github.com/coding/domain-check/internal/checker/whois.go:313.20,314.23 1 1
github.com/coding/domain-check/internal/checker/whois.go:315.25,316.21 1 1
github.com/coding/domain-check/internal/checker/whois.go:316.21,318.4 1 0
github.com/coding/domain-check/internal/checker/whois.go:319.3,319.22 1 1
github.com/coding/domain-check/internal/checker/whois.go:324.124,335.16 3 1
github.com/coding/domain-check/internal/checker/whois.go:335.16,338.24 2 1
github.com/coding/domain-check/internal/checker/whois.go:338.24,340.4 1 0
github.com/coding/domain-check/internal/checker/whois.go:341.3,341.16 1 1
github.com/coding/domain-check/internal/checker/whois.go:345.2,345.26 1 1
github.com/coding/domain-check/internal/checker/whois.go:345.26,349.3 2 0
github.com/coding/domain-check/internal/checker/whois.go:352.2,352.35 1 1
github.com/coding/domain-check/internal/checker/whois.go:352.35,355.3 1 1
github.com/coding/domain-check/internal/checker/whois.go:355.8,357.31 1 1
github.com/coding/domain-check/internal/checker/whois.go:357.31,359.4 1 1
github.com/coding/domain-check/internal/checker/whois.go:359.9,361.4 1 0
github.com/coding/domain-check/internal/checker/whois.go:365.2,365.23 1 1
github.com/coding/domain-check/internal/checker/whois.go:365.23,369.30 2 1
github.com/coding/domain-check/internal/checker/whois.go:369.30,371.4 1 0
github.com/coding/domain-check/internal/checker/whois.go:374.3,374.38 1 1
github.com/coding/domain-check/internal/checker/whois.go:374.38,376.4 1 0
github.com/coding/domain-check/internal/checker/whois.go:377.3,377.41 1 1
github.com/coding/domain-check/internal/checker/whois.go:377.41,379.4 1 0
github.com/coding/domain-check/internal/checker/whois.go:382.3,382.41 1 1
github.com/coding/domain-check/internal/checker/whois.go:382.41,384.49 2 1
github.com/coding/domain-check/internal/checker/whois.go:384.49,386.5 1 1
github.com/coding/domain-check/internal/checker/whois.go:390.3,390.36 1 1
github.com/coding/domain-check/internal/checker/whois.go:390.36,392.4 1 1
github.com/coding/domain-check/internal/checker/whois.go:394.3,394.28 1 1
github.com/coding/domain-check/internal/checker/whois.go:397.2,397.15 1 1
github.com/coding/domain-check/internal/checker/whois.go:402.54,419.43 3 1
github.com/coding/domain-check/internal/checker/whois.go:419.43,420.42 1 1
github.com/coding/domain-check/internal/checker/whois.go:420.42,422.4 1 1
github.com/coding/domain-check/internal/checker/whois.go:426.2,426.13 1 1
github.com/coding/domain-check/internal/checker/whois.go:427.12,429.49 1 1
github.com/coding/domain-check/internal/checker/whois.go:429.49,431.4 1 0
github.com/coding/domain-check/internal/checker/whois.go:432.12,434.52 1 1
github.com/coding/domain-check/internal/checker/whois.go:434.52,436.4 1 0
github.com/coding/domain-check/internal/checker/whois.go:437.24,439.53 1 0
github.com/coding/domain-check/internal/checker/whois.go:439.53,441.4 1 0
github.com/coding/domain-check/internal/checker/whois.go:445.2,455.40 2 1
github.com/coding/domain-check/internal/checker/whois.go:455.40,456.42 1 1
github.com/coding/domain-check/internal/checker/whois.go:456.42,458.4 1 1
github.com/coding/domain-check/internal/checker/whois.go:462.2,462.14 1 1
github.com/coding/domain-check/internal/checker/whois.go:467.43,500.36 2 1
github.com/coding/domain-check/internal/checker/whois.go:500.36,502.3 1 1
github.com/coding/domain-check/internal/checker/whois.go:505.2,505.25 1 1
github.com/coding/domain-check/internal/checker/whois.go:509.36,513.2 1 1
github.com/coding/domain-check/internal/checker/whois.go:516.34,517.45 1 1
github.com/coding/domain-check/internal/checker/whois.go:517.45,518.19 1 1
github.com/coding/domain-check/internal/checker/whois.go:518.19,520.4 1 1
github.com/coding/domain-check/internal/checker/whois.go:522.2,522.14 1 1
